2022-10-27 12:22:11,304  INFO [main] RWC_001:73 - ****************************** Login to the application  *****************************************
2022-10-27 12:22:11,865  INFO [main] RWC_001:76 - *** Enter Username ***
2022-10-27 12:22:12,358  INFO [main] RWC_001:79 - *** Enter Password ***
2022-10-27 12:22:18,931  INFO [main] RWC_001:82 - *** Click Login ***
2022-10-27 12:22:34,529  INFO [main] RWC_001:89 - *** Click IRP ***
2022-10-27 12:22:36,384  INFO [main] RWC_001:92 - *** Click RenewFleet ***
2022-10-27 12:22:37,344  INFO [main] RWC_001:99 - *** Enter Account Number ***
2022-10-27 12:22:37,836  INFO [main] RWC_001:102 - *** Enter FleetNo ***
2022-10-27 12:22:38,360  INFO [main] RWC_001:105 - *** Click FleetYear ***
2022-10-27 12:23:01,179  INFO [main] RWC_001:147 - [IRPFLT143 : [W] Fleet information [USDOT No., Legal Name, DBA Name, Business Address] in the system does not match with the MCE information.]
2022-10-27 12:23:01,260  INFO [main] RWC_001:149 - *** Check Email Notification ***
2022-10-27 12:23:02,586  INFO [main] RWC_001:152 - *** Enter Comments ***
2022-10-27 12:25:22,068  INFO [main] RWC_001:237 - [GEN1292 : [I] USDOT No. has been updated based on the MCE information., GEN1292 : [I] Legal Name has been updated based on the MCE information., GEN1292 : [I] DBA Name has been updated based on the MCE information., GEN1292 : [I] Business Address has been updated based on the MCE information., IRPFLT129 : [I] Account has 0 power unit fleet(s) for 2023. Account has 1 power unit fleet(s) for 2022., IRPACC00 : [I] Renewal account has been generated.]
2022-10-27 12:25:22,219  INFO [main] RWC_001:238 - Message in Fleet Screen IRPACC00 : [I] Renewal account has been generated.
2022-10-27 12:25:22,634  INFO [main] RWC_001:243 - *** navigateToServiceProvider ***
2022-10-27 12:25:23,027  INFO [main] RWC_001:247 - *** Click PowerofAttroney ***
2022-10-27 12:25:23,629  INFO [main] RWC_001:251 - *** Entering the Emailid ***
2022-10-27 12:25:24,014  INFO [main] RWC_001:257 - *** Selecting the Expiration Date ***
2022-10-27 12:25:24,501  INFO [main] RWC_001:261 - *** Selecting the IRPRequirementForm ***
2022-10-27 12:25:25,007  INFO [main] RWC_001:265 - *** Selecting StatementofUnderstanding ***
2022-10-27 12:25:25,433  INFO [main] RWC_001:269 - *** Selecting InstallmentAgreement ***
2022-10-27 12:25:25,853  INFO [main] RWC_001:273 - *** Selecting PowerOfAttroney ***
2022-10-27 12:25:26,262  INFO [main] RWC_001:277 - *** Selecting HVUTForm ***
2022-10-27 12:25:26,680  INFO [main] RWC_001:281 - *** Selecting PropertyTax ***
2022-10-27 12:25:28,015  INFO [main] RWC_001:285 - *** Enter Comments ***
2022-10-27 12:26:28,270  INFO [main] RWC_001:322 - [IRPFLT01 : [I] Renewal fleet has been generated., [I] MCE: IRP status successfully updated.]
2022-10-27 12:26:28,294  INFO [main] RWC_001:323 - Message in Distance ScreenIRPFLT01 : [I] Renewal fleet has been generated.
2022-10-27 12:26:28,692  INFO [main] RWC_001:326 - Message in Distance Screen[I] MCE: IRP status successfully updated.
2022-10-27 12:26:42,339  INFO [main] RWC_001:331 - *** Enter MODistanceValue ***
2022-10-27 12:26:43,071  INFO [main] RWC_001:335 - *** Enter Comments ***
2022-10-27 12:26:55,887  INFO [main] RWC_001:362 - Weight Group headervalues
2022-10-27 12:26:55,887  INFO [main] RWC_001:363 - Weight Group RowDatavalues
2022-10-27 12:26:55,919  INFO [main] RWC_001:362 - Weight Group headervaluesWEIGHT GROUP NO.
2022-10-27 12:26:55,919  INFO [main] RWC_001:363 - Weight Group RowDatavalues1
2022-10-27 12:26:55,950  INFO [main] RWC_001:362 - Weight Group headervaluesWEIGHT GROUP TYPE
2022-10-27 12:26:55,950  INFO [main] RWC_001:363 - Weight Group RowDatavaluesP - POWER UNIT
2022-10-27 12:26:55,991  INFO [main] RWC_001:362 - Weight Group headervaluesBASE JURISDICTION WEIGHT
2022-10-27 12:26:55,992  INFO [main] RWC_001:363 - Weight Group RowDatavalues30000
2022-10-27 12:26:56,015  INFO [main] RWC_001:362 - Weight Group headervaluesMAX GROSS WEIGHT
2022-10-27 12:26:56,015  INFO [main] RWC_001:363 - Weight Group RowDatavalues30000
2022-10-27 12:26:56,028  INFO [main] RWC_001:362 - Weight Group headervaluesJUR WITH DIFFERENT WEIGHTS
2022-10-27 12:26:56,028  INFO [main] RWC_001:363 - Weight Group RowDatavaluesFL, IL, KY, LA, MS, OK, TN
2022-10-27 12:26:56,042  INFO [main] RWC_001:357 - Weight Group headervalues
2022-10-27 12:26:56,043  INFO [main] RWC_001:358 - Weight Group RowDatavalues
2022-10-27 12:26:56,074  INFO [main] RWC_001:357 - Weight Group headervaluesWEIGHT GROUP NO.
2022-10-27 12:26:56,075  INFO [main] RWC_001:358 - Weight Group RowDatavalues4
2022-10-27 12:26:56,101  INFO [main] RWC_001:357 - Weight Group headervaluesWEIGHT GROUP TYPE
2022-10-27 12:26:56,102  INFO [main] RWC_001:358 - Weight Group RowDatavaluesP - POWER UNIT
2022-10-27 12:26:56,129  INFO [main] RWC_001:357 - Weight Group headervaluesBASE JURISDICTION WEIGHT
2022-10-27 12:26:56,130  INFO [main] RWC_001:358 - Weight Group RowDatavalues36000
2022-10-27 12:26:56,155  INFO [main] RWC_001:357 - Weight Group headervaluesMAX GROSS WEIGHT
2022-10-27 12:26:56,155  INFO [main] RWC_001:358 - Weight Group RowDatavalues36000
2022-10-27 12:26:56,185  INFO [main] RWC_001:357 - Weight Group headervaluesJUR WITH DIFFERENT WEIGHTS
2022-10-27 12:26:56,186  INFO [main] RWC_001:358 - Weight Group RowDatavaluesFL, KY, TN
2022-10-27 12:26:56,213  INFO [main] RWC_001:357 - Weight Group headervalues
2022-10-27 12:26:56,214  INFO [main] RWC_001:358 - Weight Group RowDatavalues
2022-10-27 12:26:56,243  INFO [main] RWC_001:357 - Weight Group headervaluesWEIGHT GROUP NO.
2022-10-27 12:26:56,243  INFO [main] RWC_001:358 - Weight Group RowDatavalues7
2022-10-27 12:26:56,273  INFO [main] RWC_001:357 - Weight Group headervaluesWEIGHT GROUP TYPE
2022-10-27 12:26:56,274  INFO [main] RWC_001:358 - Weight Group RowDatavaluesP - POWER UNIT
2022-10-27 12:26:56,311  INFO [main] RWC_001:357 - Weight Group headervaluesBASE JURISDICTION WEIGHT
2022-10-27 12:26:56,311  INFO [main] RWC_001:358 - Weight Group RowDatavalues42000
2022-10-27 12:26:56,344  INFO [main] RWC_001:357 - Weight Group headervaluesMAX GROSS WEIGHT
2022-10-27 12:26:56,344  INFO [main] RWC_001:358 - Weight Group RowDatavalues42000
2022-10-27 12:26:56,367  INFO [main] RWC_001:357 - Weight Group headervaluesJUR WITH DIFFERENT WEIGHTS
2022-10-27 12:26:56,367  INFO [main] RWC_001:358 - Weight Group RowDatavaluesFL, GA, IL, KY, MS, TN
2022-10-27 12:26:56,393  INFO [main] RWC_001:357 - Weight Group headervalues
2022-10-27 12:26:56,393  INFO [main] RWC_001:358 - Weight Group RowDatavalues
2022-10-27 12:26:56,414  INFO [main] RWC_001:357 - Weight Group headervaluesWEIGHT GROUP NO.
2022-10-27 12:26:56,414  INFO [main] RWC_001:358 - Weight Group RowDatavalues9
2022-10-27 12:26:56,428  INFO [main] RWC_001:357 - Weight Group headervaluesWEIGHT GROUP TYPE
2022-10-27 12:26:56,428  INFO [main] RWC_001:358 - Weight Group RowDatavaluesP - POWER UNIT
2022-10-27 12:26:56,454  INFO [main] RWC_001:357 - Weight Group headervaluesBASE JURISDICTION WEIGHT
2022-10-27 12:26:56,454  INFO [main] RWC_001:358 - Weight Group RowDatavalues54000
2022-10-27 12:26:56,493  INFO [main] RWC_001:357 - Weight Group headervaluesMAX GROSS WEIGHT
2022-10-27 12:26:56,494  INFO [main] RWC_001:358 - Weight Group RowDatavalues54000
2022-10-27 12:26:56,532  INFO [main] RWC_001:357 - Weight Group headervaluesJUR WITH DIFFERENT WEIGHTS
2022-10-27 12:26:56,532  INFO [main] RWC_001:358 - Weight Group RowDatavaluesFL, GA, IL, KY, TN
2022-10-27 12:26:56,562  INFO [main] RWC_001:357 - Weight Group headervalues
2022-10-27 12:26:56,563  INFO [main] RWC_001:358 - Weight Group RowDatavalues
2022-10-27 12:26:56,591  INFO [main] RWC_001:357 - Weight Group headervaluesWEIGHT GROUP NO.
2022-10-27 12:26:56,591  INFO [main] RWC_001:358 - Weight Group RowDatavalues10
2022-10-27 12:26:56,613  INFO [main] RWC_001:357 - Weight Group headervaluesWEIGHT GROUP TYPE
2022-10-27 12:26:56,613  INFO [main] RWC_001:358 - Weight Group RowDatavaluesP - POWER UNIT
2022-10-27 12:26:56,635  INFO [main] RWC_001:357 - Weight Group headervaluesBASE JURISDICTION WEIGHT
2022-10-27 12:26:56,635  INFO [main] RWC_001:358 - Weight Group RowDatavalues54000
2022-10-27 12:26:56,652  INFO [main] RWC_001:357 - Weight Group headervaluesMAX GROSS WEIGHT
2022-10-27 12:26:56,652  INFO [main] RWC_001:358 - Weight Group RowDatavalues54000
2022-10-27 12:26:56,678  INFO [main] RWC_001:357 - Weight Group headervaluesJUR WITH DIFFERENT WEIGHTS
2022-10-27 12:26:56,678  INFO [main] RWC_001:358 - Weight Group RowDatavaluesAL, FL, GA, IL, KY, TN
2022-10-27 12:26:56,696  INFO [main] RWC_001:357 - Weight Group headervalues
2022-10-27 12:26:56,696  INFO [main] RWC_001:358 - Weight Group RowDatavalues
2022-10-27 12:26:56,717  INFO [main] RWC_001:357 - Weight Group headervaluesWEIGHT GROUP NO.
2022-10-27 12:26:56,717  INFO [main] RWC_001:358 - Weight Group RowDatavalues12
2022-10-27 12:26:56,741  INFO [main] RWC_001:357 - Weight Group headervaluesWEIGHT GROUP TYPE
2022-10-27 12:26:56,741  INFO [main] RWC_001:358 - Weight Group RowDatavaluesP - POWER UNIT
2022-10-27 12:26:56,766  INFO [main] RWC_001:357 - Weight Group headervaluesBASE JURISDICTION WEIGHT
2022-10-27 12:26:56,767  INFO [main] RWC_001:358 - Weight Group RowDatavalues66000
2022-10-27 12:26:56,790  INFO [main] RWC_001:357 - Weight Group headervaluesMAX GROSS WEIGHT
2022-10-27 12:26:56,790  INFO [main] RWC_001:358 - Weight Group RowDatavalues66000
2022-10-27 12:26:56,815  INFO [main] RWC_001:357 - Weight Group headervaluesJUR WITH DIFFERENT WEIGHTS
2022-10-27 12:26:56,815  INFO [main] RWC_001:358 - Weight Group RowDatavaluesFL, GA, IL, KY
2022-10-27 12:26:56,847  INFO [main] RWC_001:357 - Weight Group headervalues
2022-10-27 12:26:56,847  INFO [main] RWC_001:358 - Weight Group RowDatavalues
2022-10-27 12:26:56,875  INFO [main] RWC_001:357 - Weight Group headervaluesWEIGHT GROUP NO.
2022-10-27 12:26:56,875  INFO [main] RWC_001:358 - Weight Group RowDatavalues14
2022-10-27 12:26:56,907  INFO [main] RWC_001:357 - Weight Group headervaluesWEIGHT GROUP TYPE
2022-10-27 12:26:56,908  INFO [main] RWC_001:358 - Weight Group RowDatavaluesP - POWER UNIT
2022-10-27 12:26:56,958  INFO [main] RWC_001:357 - Weight Group headervaluesBASE JURISDICTION WEIGHT
2022-10-27 12:26:56,958  INFO [main] RWC_001:358 - Weight Group RowDatavalues66000
2022-10-27 12:26:56,985  INFO [main] RWC_001:357 - Weight Group headervaluesMAX GROSS WEIGHT
2022-10-27 12:26:56,985  INFO [main] RWC_001:358 - Weight Group RowDatavalues66000
2022-10-27 12:26:57,011  INFO [main] RWC_001:357 - Weight Group headervaluesJUR WITH DIFFERENT WEIGHTS
2022-10-27 12:26:57,012  INFO [main] RWC_001:358 - Weight Group RowDatavaluesAL, FL, GA, IL, KY, MN
2022-10-27 12:26:57,034  INFO [main] RWC_001:357 - Weight Group headervalues
2022-10-27 12:26:57,034  INFO [main] RWC_001:358 - Weight Group RowDatavalues
2022-10-27 12:26:57,059  INFO [main] RWC_001:357 - Weight Group headervaluesWEIGHT GROUP NO.
2022-10-27 12:26:57,059  INFO [main] RWC_001:358 - Weight Group RowDatavalues19
2022-10-27 12:26:57,084  INFO [main] RWC_001:357 - Weight Group headervaluesWEIGHT GROUP TYPE
2022-10-27 12:26:57,084  INFO [main] RWC_001:358 - Weight Group RowDatavaluesP - POWER UNIT
2022-10-27 12:26:57,128  INFO [main] RWC_001:357 - Weight Group headervaluesBASE JURISDICTION WEIGHT
2022-10-27 12:26:57,129  INFO [main] RWC_001:358 - Weight Group RowDatavalues78000
2022-10-27 12:26:57,149  INFO [main] RWC_001:357 - Weight Group headervaluesMAX GROSS WEIGHT
2022-10-27 12:26:57,150  INFO [main] RWC_001:358 - Weight Group RowDatavalues78000
2022-10-27 12:26:57,182  INFO [main] RWC_001:357 - Weight Group headervaluesJUR WITH DIFFERENT WEIGHTS
2022-10-27 12:26:57,182  INFO [main] RWC_001:358 - Weight Group RowDatavaluesFL, GA, IL, KY, LA, MS, OK, TN
2022-10-27 12:26:57,212  INFO [main] RWC_001:357 - Weight Group headervalues
2022-10-27 12:26:57,213  INFO [main] RWC_001:358 - Weight Group RowDatavalues
2022-10-27 12:26:57,234  INFO [main] RWC_001:357 - Weight Group headervaluesWEIGHT GROUP NO.
2022-10-27 12:26:57,234  INFO [main] RWC_001:358 - Weight Group RowDatavalues22
2022-10-27 12:26:57,267  INFO [main] RWC_001:357 - Weight Group headervaluesWEIGHT GROUP TYPE
2022-10-27 12:26:57,268  INFO [main] RWC_001:358 - Weight Group RowDatavaluesP - POWER UNIT
2022-10-27 12:26:57,295  INFO [main] RWC_001:357 - Weight Group headervaluesBASE JURISDICTION WEIGHT
2022-10-27 12:26:57,295  INFO [main] RWC_001:358 - Weight Group RowDatavalues80000
2022-10-27 12:26:57,329  INFO [main] RWC_001:357 - Weight Group headervaluesMAX GROSS WEIGHT
2022-10-27 12:26:57,329  INFO [main] RWC_001:358 - Weight Group RowDatavalues80000
2022-10-27 12:26:57,363  INFO [main] RWC_001:357 - Weight Group headervaluesJUR WITH DIFFERENT WEIGHTS
2022-10-27 12:26:57,364  INFO [main] RWC_001:358 - Weight Group RowDatavaluesIA
2022-10-27 12:26:57,394  INFO [main] RWC_001:357 - Weight Group headervalues
2022-10-27 12:26:57,394  INFO [main] RWC_001:358 - Weight Group RowDatavalues
2022-10-27 12:26:57,431  INFO [main] RWC_001:357 - Weight Group headervaluesWEIGHT GROUP NO.
2022-10-27 12:26:57,431  INFO [main] RWC_001:358 - Weight Group RowDatavalues24
2022-10-27 12:26:57,467  INFO [main] RWC_001:357 - Weight Group headervaluesWEIGHT GROUP TYPE
2022-10-27 12:26:57,467  INFO [main] RWC_001:358 - Weight Group RowDatavaluesP - POWER UNIT
2022-10-27 12:26:57,503  INFO [main] RWC_001:357 - Weight Group headervaluesBASE JURISDICTION WEIGHT
2022-10-27 12:26:57,503  INFO [main] RWC_001:358 - Weight Group RowDatavalues80000
2022-10-27 12:26:57,534  INFO [main] RWC_001:357 - Weight Group headervaluesMAX GROSS WEIGHT
2022-10-27 12:26:57,535  INFO [main] RWC_001:358 - Weight Group RowDatavalues80000
2022-10-27 12:26:57,577  INFO [main] RWC_001:357 - Weight Group headervaluesJUR WITH DIFFERENT WEIGHTS
2022-10-27 12:26:57,577  INFO [main] RWC_001:358 - Weight Group RowDatavaluesIA, KS, OK
2022-10-27 12:26:57,610  INFO [main] RWC_001:368 - [IRPMLG13 : [I] Renewal Distance has been generated.]
2022-10-27 12:26:57,641  INFO [main] RWC_001:369 - Message in Weight Group ScreenIRPMLG13 : [I] Renewal Distance has been generated.
2022-10-27 12:27:01,314  INFO [main] RWC_001:373 - *** Click AddweightGroup ***
2022-10-27 12:27:01,910  INFO [main] RWC_001:381 - *** Select WeightGroupType ***
2022-10-27 12:27:02,532  INFO [main] RWC_001:384 - *** Enter WeightGroup No ***
2022-10-27 12:27:02,971  INFO [main] RWC_001:387 - *** Select MaxGross Weight ***
2022-10-27 12:27:11,529  INFO [main] RWC_001:427 - [IRPVEH450 : [W] Unit(s) [62806, 64016] have no plate assigned. If you continue a new plate will be assigned or select 'Update from Previous Year' button or amend the vehicle and check 'Use Existing Plate' option to not issue a new plate.]
2022-10-27 12:27:11,591  INFO [main] RWC_001:433 - *** Click AmendVehicle RadioButton ***
2022-10-27 12:27:14,963  INFO [main] RWC_001:437 - [IRPVEH375 : [I] Please search the VIN first to process a vehicle.]
2022-10-27 12:27:15,067  INFO [main] RWC_001:439 - Message in Amend Vehicle ScreenIRPVEH375 : [I] Please search the VIN first to process a vehicle.
2022-10-27 12:27:18,249  INFO [main] RWC_001:451 - *** Enter Unit number ***
2022-10-27 12:27:24,743  INFO [main] RWC_001:466 - *** Enter WeightGroupNo ***
2022-10-27 12:27:27,735  INFO [main] RWC_001:468 - Message in Amend Vehicle Screennull
2022-10-27 12:27:28,123  INFO [main] RWC_001:472 - *** Enter UnladenWeight ***
2022-10-27 12:27:28,837  INFO [main] RWC_001:477 - *** Click TVR ***
2022-10-27 12:27:29,324  INFO [main] RWC_001:481 - *** Select Safety Changedd ***
2022-10-27 12:27:29,799  INFO [main] RWC_001:485 - *** Select HVUTForm2290 ***
2022-10-27 12:27:30,269  INFO [main] RWC_001:489 - *** Select LeaseContract ***
2022-10-27 12:27:30,757  INFO [main] RWC_001:493 - *** Select TitleDocument ***
2022-10-27 12:27:31,185  INFO [main] RWC_001:497 - *** Select PlateReturndoc ***
2022-10-27 12:27:31,630  INFO [main] RWC_001:501 - *** Select AffidavitDoc ***
2022-10-27 12:27:32,024  INFO [main] RWC_001:505 - *** Select PropertyTax ***
2022-10-27 12:27:33,347  INFO [main] RWC_001:510 - *** Enter Comments ***
2022-10-27 12:27:42,331  INFO [main] RWC_001:518 - essage in Amend Vehicle Screen IRPVEH004 : [I] Vehicle amended successfully.
2022-10-27 12:27:47,995  INFO [main] RWC_001:451 - *** Enter Unit number ***
2022-10-27 12:27:54,222  INFO [main] RWC_001:466 - *** Enter WeightGroupNo ***
2022-10-27 12:27:57,165  INFO [main] RWC_001:468 - Message in Amend Vehicle Screennull
2022-10-27 12:27:57,553  INFO [main] RWC_001:472 - *** Enter UnladenWeight ***
2022-10-27 12:27:58,278  INFO [main] RWC_001:477 - *** Click TVR ***
2022-10-27 12:27:58,760  INFO [main] RWC_001:481 - *** Select Safety Changedd ***
2022-10-27 12:27:59,263  INFO [main] RWC_001:485 - *** Select HVUTForm2290 ***
2022-10-27 12:27:59,789  INFO [main] RWC_001:489 - *** Select LeaseContract ***
2022-10-27 12:28:00,229  INFO [main] RWC_001:493 - *** Select TitleDocument ***
2022-10-27 12:28:00,681  INFO [main] RWC_001:497 - *** Select PlateReturndoc ***
2022-10-27 12:28:01,165  INFO [main] RWC_001:501 - *** Select AffidavitDoc ***
2022-10-27 12:28:01,586  INFO [main] RWC_001:505 - *** Select PropertyTax ***
2022-10-27 12:28:02,944  INFO [main] RWC_001:510 - *** Enter Comments ***
2022-10-27 12:28:13,063  INFO [main] RWC_001:518 - essage in Amend Vehicle Screen IRPVEH004 : [I] Vehicle amended successfully.
2022-10-27 12:28:15,712  INFO [main] RWC_001:525 - [IRPVEH450 : [W] Unit(s) [65906, 62806, 64016] have no plate assigned. If you continue a new plate will be assigned or select 'Update from Previous Year' button or amend the vehicle and check 'Use Existing Plate' option to not issue a new plate.]
2022-10-27 12:28:16,196  INFO [main] RWC_001:535 - [IRPVEH450 : [W] Unit(s) [65906, 62806, 64016] have no plate assigned. If you continue a new plate will be assigned or select 'Update from Previous Year' button or amend the vehicle and check 'Use Existing Plate' option to not issue a new plate.]
2022-10-27 12:28:16,298  INFO [main] RWC_001:539 - **** Click DeleteVehicle ****
2022-10-27 12:28:21,348  INFO [main] RWC_001:543 - []
2022-10-27 12:28:21,476  INFO [main] RWC_001:561 - *** Delete vehicle Enter Unit number ***
2022-10-27 12:28:23,785  INFO [main] RWC_001:568 - ***DeleteVehicle Select PlateStatus ***
2022-10-27 12:28:24,265  INFO [main] RWC_001:572 - ***DeleteVehicle Select PlateReturndoc ***
2022-10-27 12:28:24,674  INFO [main] RWC_001:576 - ***DeleteVehicle Select AffidavitDoc ***
2022-10-27 12:28:25,160  INFO [main] RWC_001:581 - *** DeleteVehicle Comment ***
2022-10-27 12:28:31,043  INFO [main] RWC_001:561 - *** Delete vehicle Enter Unit number ***
2022-10-27 12:28:33,369  INFO [main] RWC_001:568 - ***DeleteVehicle Select PlateStatus ***
2022-10-27 12:28:33,872  INFO [main] RWC_001:572 - ***DeleteVehicle Select PlateReturndoc ***
2022-10-27 12:28:34,315  INFO [main] RWC_001:576 - ***DeleteVehicle Select AffidavitDoc ***
2022-10-27 12:28:34,768  INFO [main] RWC_001:581 - *** DeleteVehicle Comment ***
2022-10-27 12:28:39,663  INFO [main] RWC_001:590 - [IRPVEH246 : [I] Vehicle(s) deleted successfully.]
2022-10-27 12:28:39,730  INFO [main] RWC_001:591 - Message in Delete Vehicle ScreenIRPVEH246 : [I] Vehicle(s) deleted successfully.
2022-10-27 12:28:41,812  INFO [main] RWC_001:595 - [IRPVEH450 : [W] Unit(s) [65906, 62806, 64016] have no plate assigned. If you continue a new plate will be assigned or select 'Update from Previous Year' button or amend the vehicle and check 'Use Existing Plate' option to not issue a new plate.]
2022-10-27 12:28:44,430  INFO [main] RWC_001:604 - *** Click VehicleList ***
2022-10-27 12:28:45,098  INFO [main] RWC_001:612 - *** Select Unit No ***
2022-10-27 12:28:46,398  INFO [main] RWC_001:616 - *** Search Unit No ***
2022-10-27 12:28:53,654  INFO [main] RWC_001:622 - [GEN1062 : [I] Cancellation completed successfully., IRPVEH450 : [W] Unit(s) [65906, 62806, 64016] have no plate assigned. If you continue a new plate will be assigned or select 'Update from Previous Year' button or amend the vehicle and check 'Use Existing Plate' option to not issue a new plate.]
2022-10-27 12:28:53,762  INFO [main] RWC_001:623 - Message in Vehicle Cancel Screennull
2022-10-27 12:28:55,582  INFO [main] RWC_001:628 - *** Click VehicleList ***
2022-10-27 12:28:56,216  INFO [main] RWC_001:632 - *** Select Unit No ***
2022-10-27 12:28:57,537  INFO [main] RWC_001:636 - *** Search Unit No ***
2022-10-27 12:29:03,015  INFO [main] RWC_001:642 - [GEN1062 : [I] Cancellation completed successfully.]
2022-10-27 12:29:03,094  INFO [main] RWC_001:643 - Message in Vehicle Cancel Screennull
2022-10-27 12:29:05,351  INFO [main] RWC_001:647 - [IRPVEH450 : [W] Unit(s) [65906, 62806, 64016] have no plate assigned. If you continue a new plate will be assigned or select 'Update from Previous Year' button or amend the vehicle and check 'Use Existing Plate' option to not issue a new plate.]
2022-10-27 12:29:29,482  INFO [main] RWC_001:686 - **** Click DeleteVehicle ****
2022-10-27 12:29:34,845  INFO [main] RWC_001:690 - []
2022-10-27 12:29:34,982  INFO [main] RWC_001:698 - *** Delete vehicle Enter Unit number ***
2022-10-27 12:29:36,946  INFO [main] RWC_001:705 - ***DeleteVehicle Select PlateStatus ***
2022-10-27 12:29:37,400  INFO [main] RWC_001:709 - ***DeleteVehicle Select PlateReturndoc ***
2022-10-27 12:29:37,843  INFO [main] RWC_001:713 - ***DeleteVehicle Select AffidavitDoc ***
2022-10-27 12:29:38,297  INFO [main] RWC_001:718 - *** DeleteVehicle Comment ***
2022-10-27 12:29:56,883  INFO [main] RWC_001:759 - [IRPBILL60 : [W] Vehicles to be processed for billing are more than 100. Please use batch billing., IRPVEH450 : [W] Unit(s) [65906, 62806, 64016] have no plate assigned. If you continue a new plate will be assigned or select 'Update from Previous Year' button or amend the vehicle and check 'Use Existing Plate' option to not issue a new plate.]
2022-10-27 12:29:57,286  INFO [main] RWC_001:761 - *** Click TVR ***
2022-10-27 12:29:57,856  INFO [main] RWC_001:765 - *** Click Installement Plan ***
2022-10-27 12:29:58,285  INFO [main] RWC_001:769 - *** Select Electronic DeliveryType ***
2022-10-27 12:32:01,727  INFO [main] RWC_001:776 - *** Enter ManualAdjBaseJur ***
2022-10-27 12:32:05,953  INFO [main] RWC_001:780 - *** Click Recalculate ***
2022-10-27 12:32:06,617  INFO [main] RWC_001:783 - Message in Biling ScreenIRPBILL09 : [E] Manual adj. reason is required.
2022-10-27 12:32:08,062  INFO [main] RWC_001:788 - *** Enter ManualAdjReason Comments ***
2022-10-27 12:32:12,726  INFO [main] RWC_001:794 - [IRPBILL79 : [E] Please do recalculation.]
2022-10-27 12:32:12,891  INFO [main] RWC_001:799 - Late Filing Penalty Amount is Greater than zero - true
2022-10-27 12:32:13,078  INFO [main] RWC_001:801 - Late pay Penalty Amount is Greater than zero - true
2022-10-27 12:32:13,259  INFO [main] RWC_001:806 - *** Waived off for Grade Crossing Fee   with Reason O - Other ***
2022-10-27 12:32:16,707  INFO [main] RWC_001:814 - *** Click Recalculate ***
2022-10-27 12:32:17,348  INFO [main] RWC_001:816 - [IRPBILL08 : [E] Fee Override reason required.]
2022-10-27 12:32:18,170  INFO [main] RWC_001:821 - *** Enter FeeOverrideReason Comments ***
2022-10-27 12:32:25,879  INFO [main] RWC_001:828 - []
2022-10-27 12:33:46,411  INFO [main] RWC_001:830 - [GEN24 : [I] Invoice report generated successfully., IRPREP28 : [I] Billing completed successfully., GEN1239 : [I] TVR generated successfully., IRPCRED17 : [W] Vehicles to be processed for credential are more than 100. Please use Batch Credential.]
2022-10-27 12:33:54,549  INFO [main] RWC_001:853 - [GEN24 : [I] Invoice report generated successfully., IRPREP28 : [I] Billing completed successfully., GEN1239 : [I] TVR generated successfully., IRPCRED17 : [W] Vehicles to be processed for credential are more than 100. Please use Batch Credential.]
2022-10-27 12:33:54,602  INFO [main] RWC_001:854 - Message in Payment ScreenGEN24 : [I] Invoice report generated successfully.
2022-10-27 12:33:55,182  INFO [main] RWC_001:856 - Message in Payment ScreenIRPREP28 : [I] Billing completed successfully.
2022-10-27 12:33:55,707  INFO [main] RWC_001:858 - Message in Payment ScreenGEN1239 : [I] TVR generated successfully.
2022-10-27 12:33:56,188  INFO [main] RWC_001:861 - ***Select Delivery type***
2022-10-27 12:33:59,208  INFO [main] RWC_001:863 - [IRPPAY73 : [E] Previous year supplements are not yet closed. So the user cannot pay the renewal.]
2022-10-27 12:35:04,562 DEBUG [main] cache:45 - Couldn't find template in cache for "spark/spark.spa.ftl"("en_IN", UTF-8, parsed); will try to load it.
2022-10-27 12:35:04,563 DEBUG [main] cache:45 - TemplateLoader.findTemplateSource("spark/spark.spa_en_IN.ftl"): Not found
2022-10-27 12:35:04,565 DEBUG [main] cache:45 - TemplateLoader.findTemplateSource("spark/spark.spa_en.ftl"): Not found
2022-10-27 12:35:04,566 DEBUG [main] cache:45 - TemplateLoader.findTemplateSource("spark/spark.spa.ftl"): Found
2022-10-27 12:35:04,566 DEBUG [main] cache:45 - Loading template for "spark/spark.spa.ftl"("en_IN", UTF-8, parsed) from "jar:file:/C:/Users/saima/.m2/repository/com/aventstack/extentreports/5.0.9/extentreports-5.0.9.jar!/com/aventstack/extentreports/templates/spark/spark.spa.ftl"
2022-10-27 12:35:04,663 DEBUG [main] cache:45 - Couldn't find template in cache for "commons/commons-variables.ftl"("en_IN", UTF-8, parsed); will try to load it.
2022-10-27 12:35:04,664 DEBUG [main] cache:45 - TemplateLoader.findTemplateSource("commons/commons-variables_en_IN.ftl"): Not found
2022-10-27 12:35:04,665 DEBUG [main] cache:45 - TemplateLoader.findTemplateSource("commons/commons-variables_en.ftl"): Not found
2022-10-27 12:35:04,666 DEBUG [main] cache:45 - TemplateLoader.findTemplateSource("commons/commons-variables.ftl"): Found
2022-10-27 12:35:04,666 DEBUG [main] cache:45 - Loading template for "commons/commons-variables.ftl"("en_IN", UTF-8, parsed) from "jar:file:/C:/Users/saima/.m2/repository/tech/grasshopper/htmlextentreporter/1.0.1/htmlextentreporter-1.0.1.jar!/com/aventstack/extentreports/templates/commons/commons-variables.ftl"
2022-10-27 12:35:04,803 DEBUG [main] cache:45 - Couldn't find template in cache for "commons/commons-macros.ftl"("en_IN", UTF-8, parsed); will try to load it.
2022-10-27 12:35:04,803 DEBUG [main] cache:45 - TemplateLoader.findTemplateSource("commons/commons-macros_en_IN.ftl"): Not found
2022-10-27 12:35:04,805 DEBUG [main] cache:45 - TemplateLoader.findTemplateSource("commons/commons-macros_en.ftl"): Not found
2022-10-27 12:35:04,805 DEBUG [main] cache:45 - TemplateLoader.findTemplateSource("commons/commons-macros.ftl"): Found
2022-10-27 12:35:04,805 DEBUG [main] cache:45 - Loading template for "commons/commons-macros.ftl"("en_IN", UTF-8, parsed) from "jar:file:/C:/Users/saima/.m2/repository/com/aventstack/extentreports/5.0.9/extentreports-5.0.9.jar!/com/aventstack/extentreports/templates/commons/commons-macros.ftl"
2022-10-27 12:35:04,813 DEBUG [main] cache:45 - Couldn't find template in cache for "spark/macros/attributes.ftl"("en_IN", UTF-8, parsed); will try to load it.
2022-10-27 12:35:04,814 DEBUG [main] cache:45 - TemplateLoader.findTemplateSource("spark/macros/attributes_en_IN.ftl"): Not found
2022-10-27 12:35:04,814 DEBUG [main] cache:45 - TemplateLoader.findTemplateSource("spark/macros/attributes_en.ftl"): Not found
2022-10-27 12:35:04,815 DEBUG [main] cache:45 - TemplateLoader.findTemplateSource("spark/macros/attributes.ftl"): Found
2022-10-27 12:35:04,815 DEBUG [main] cache:45 - Loading template for "spark/macros/attributes.ftl"("en_IN", UTF-8, parsed) from "jar:file:/C:/Users/saima/.m2/repository/com/aventstack/extentreports/5.0.9/extentreports-5.0.9.jar!/com/aventstack/extentreports/templates/spark/macros/attributes.ftl"
2022-10-27 12:35:04,818 DEBUG [main] cache:45 - Couldn't find template in cache for "spark/macros/log.ftl"("en_IN", UTF-8, parsed); will try to load it.
2022-10-27 12:35:04,820 DEBUG [main] cache:45 - TemplateLoader.findTemplateSource("spark/macros/log_en_IN.ftl"): Not found
2022-10-27 12:35:04,821 DEBUG [main] cache:45 - TemplateLoader.findTemplateSource("spark/macros/log_en.ftl"): Not found
2022-10-27 12:35:04,822 DEBUG [main] cache:45 - TemplateLoader.findTemplateSource("spark/macros/log.ftl"): Found
2022-10-27 12:35:04,822 DEBUG [main] cache:45 - Loading template for "spark/macros/log.ftl"("en_IN", UTF-8, parsed) from "jar:file:/C:/Users/saima/.m2/repository/com/aventstack/extentreports/5.0.9/extentreports-5.0.9.jar!/com/aventstack/extentreports/templates/spark/macros/log.ftl"
2022-10-27 12:35:04,826 DEBUG [main] cache:45 - Couldn't find template in cache for "spark/macros/recurse_nodes.ftl"("en_IN", UTF-8, parsed); will try to load it.
2022-10-27 12:35:04,827 DEBUG [main] cache:45 - TemplateLoader.findTemplateSource("spark/macros/recurse_nodes_en_IN.ftl"): Not found
2022-10-27 12:35:04,827 DEBUG [main] cache:45 - TemplateLoader.findTemplateSource("spark/macros/recurse_nodes_en.ftl"): Not found
2022-10-27 12:35:04,828 DEBUG [main] cache:45 - TemplateLoader.findTemplateSource("spark/macros/recurse_nodes.ftl"): Found
2022-10-27 12:35:04,828 DEBUG [main] cache:45 - Loading template for "spark/macros/recurse_nodes.ftl"("en_IN", UTF-8, parsed) from "jar:file:/C:/Users/saima/.m2/repository/com/aventstack/extentreports/5.0.9/extentreports-5.0.9.jar!/com/aventstack/extentreports/templates/spark/macros/recurse_nodes.ftl"
2022-10-27 12:35:04,830 DEBUG [main] cache:45 - "spark/macros/log.ftl"("en_IN", UTF-8, parsed) cached copy not yet stale; using cached.
2022-10-27 12:35:04,830 DEBUG [main] cache:45 - Couldn't find template in cache for "spark/macros/attr-common.ftl"("en_IN", UTF-8, parsed); will try to load it.
2022-10-27 12:35:04,831 DEBUG [main] cache:45 - TemplateLoader.findTemplateSource("spark/macros/attr-common_en_IN.ftl"): Not found
2022-10-27 12:35:04,831 DEBUG [main] cache:45 - TemplateLoader.findTemplateSource("spark/macros/attr-common_en.ftl"): Not found
2022-10-27 12:35:04,832 DEBUG [main] cache:45 - TemplateLoader.findTemplateSource("spark/macros/attr-common.ftl"): Found
2022-10-27 12:35:04,833 DEBUG [main] cache:45 - Loading template for "spark/macros/attr-common.ftl"("en_IN", UTF-8, parsed) from "jar:file:/C:/Users/saima/.m2/repository/com/aventstack/extentreports/5.0.9/extentreports-5.0.9.jar!/com/aventstack/extentreports/templates/spark/macros/attr-common.ftl"
2022-10-27 12:35:04,840 DEBUG [main] cache:45 - Couldn't find template in cache for "spark/partials/head.ftl"("en_IN", UTF-8, parsed); will try to load it.
2022-10-27 12:35:04,841 DEBUG [main] cache:45 - TemplateLoader.findTemplateSource("spark/partials/head_en_IN.ftl"): Not found
2022-10-27 12:35:04,841 DEBUG [main] cache:45 - TemplateLoader.findTemplateSource("spark/partials/head_en.ftl"): Not found
2022-10-27 12:35:04,842 DEBUG [main] cache:45 - TemplateLoader.findTemplateSource("spark/partials/head.ftl"): Found
2022-10-27 12:35:04,842 DEBUG [main] cache:45 - Loading template for "spark/partials/head.ftl"("en_IN", UTF-8, parsed) from "jar:file:/C:/Users/saima/.m2/repository/com/aventstack/extentreports/5.0.9/extentreports-5.0.9.jar!/com/aventstack/extentreports/templates/spark/partials/head.ftl"
2022-10-27 12:35:04,848 DEBUG [main] cache:45 - Couldn't find template in cache for "commons/commons-inject-css.ftl"("en_IN", UTF-8, parsed); will try to load it.
2022-10-27 12:35:04,849 DEBUG [main] cache:45 - TemplateLoader.findTemplateSource("commons/commons-inject-css_en_IN.ftl"): Not found
2022-10-27 12:35:04,849 DEBUG [main] cache:45 - TemplateLoader.findTemplateSource("commons/commons-inject-css_en.ftl"): Not found
2022-10-27 12:35:04,850 DEBUG [main] cache:45 - TemplateLoader.findTemplateSource("commons/commons-inject-css.ftl"): Found
2022-10-27 12:35:04,850 DEBUG [main] cache:45 - Loading template for "commons/commons-inject-css.ftl"("en_IN", UTF-8, parsed) from "jar:file:/C:/Users/saima/.m2/repository/com/aventstack/extentreports/5.0.9/extentreports-5.0.9.jar!/com/aventstack/extentreports/templates/commons/commons-inject-css.ftl"
2022-10-27 12:35:04,851 DEBUG [main] cache:45 - Couldn't find template in cache for "spark/partials/navbar.ftl"("en_IN", UTF-8, parsed); will try to load it.
2022-10-27 12:35:04,852 DEBUG [main] cache:45 - TemplateLoader.findTemplateSource("spark/partials/navbar_en_IN.ftl"): Not found
2022-10-27 12:35:04,852 DEBUG [main] cache:45 - TemplateLoader.findTemplateSource("spark/partials/navbar_en.ftl"): Not found
2022-10-27 12:35:04,853 DEBUG [main] cache:45 - TemplateLoader.findTemplateSource("spark/partials/navbar.ftl"): Found
2022-10-27 12:35:04,853 DEBUG [main] cache:45 - Loading template for "spark/partials/navbar.ftl"("en_IN", UTF-8, parsed) from "jar:file:/C:/Users/saima/.m2/repository/com/aventstack/extentreports/5.0.9/extentreports-5.0.9.jar!/com/aventstack/extentreports/templates/spark/partials/navbar.ftl"
2022-10-27 12:35:04,861 DEBUG [main] cache:45 - Couldn't find template in cache for "spark/partials/sidenav.ftl"("en_IN", UTF-8, parsed); will try to load it.
2022-10-27 12:35:04,862 DEBUG [main] cache:45 - TemplateLoader.findTemplateSource("spark/partials/sidenav_en_IN.ftl"): Not found
2022-10-27 12:35:04,863 DEBUG [main] cache:45 - TemplateLoader.findTemplateSource("spark/partials/sidenav_en.ftl"): Not found
2022-10-27 12:35:04,864 DEBUG [main] cache:45 - TemplateLoader.findTemplateSource("spark/partials/sidenav.ftl"): Found
2022-10-27 12:35:04,864 DEBUG [main] cache:45 - Loading template for "spark/partials/sidenav.ftl"("en_IN", UTF-8, parsed) from "jar:file:/C:/Users/saima/.m2/repository/com/aventstack/extentreports/5.0.9/extentreports-5.0.9.jar!/com/aventstack/extentreports/templates/spark/partials/sidenav.ftl"
2022-10-27 12:35:04,882 DEBUG [main] cache:45 - Couldn't find template in cache for "spark/partials/dashboard.ftl"("en_IN", UTF-8, parsed); will try to load it.
2022-10-27 12:35:04,884 DEBUG [main] cache:45 - TemplateLoader.findTemplateSource("spark/partials/dashboard_en_IN.ftl"): Not found
2022-10-27 12:35:04,884 DEBUG [main] cache:45 - TemplateLoader.findTemplateSource("spark/partials/dashboard_en.ftl"): Not found
2022-10-27 12:35:04,884 DEBUG [main] cache:45 - TemplateLoader.findTemplateSource("spark/partials/dashboard.ftl"): Found
2022-10-27 12:35:04,884 DEBUG [main] cache:45 - Loading template for "spark/partials/dashboard.ftl"("en_IN", UTF-8, parsed) from "jar:file:/C:/Users/saima/.m2/repository/com/aventstack/extentreports/5.0.9/extentreports-5.0.9.jar!/com/aventstack/extentreports/templates/spark/partials/dashboard.ftl"
2022-10-27 12:35:04,932 DEBUG [main] cache:45 - Couldn't find template in cache for "spark/partials/test.ftl"("en_IN", UTF-8, parsed); will try to load it.
2022-10-27 12:35:04,933 DEBUG [main] cache:45 - TemplateLoader.findTemplateSource("spark/partials/test_en_IN.ftl"): Not found
2022-10-27 12:35:04,934 DEBUG [main] cache:45 - TemplateLoader.findTemplateSource("spark/partials/test_en.ftl"): Not found
2022-10-27 12:35:04,934 DEBUG [main] cache:45 - TemplateLoader.findTemplateSource("spark/partials/test.ftl"): Found
2022-10-27 12:35:04,934 DEBUG [main] cache:45 - Loading template for "spark/partials/test.ftl"("en_IN", UTF-8, parsed) from "jar:file:/C:/Users/saima/.m2/repository/com/aventstack/extentreports/5.0.9/extentreports-5.0.9.jar!/com/aventstack/extentreports/templates/spark/partials/test.ftl"
2022-10-27 12:35:04,945 DEBUG [main] cache:45 - Couldn't find template in cache for "spark/partials/bdd-content.ftl"("en_IN", UTF-8, parsed); will try to load it.
2022-10-27 12:35:04,946 DEBUG [main] cache:45 - TemplateLoader.findTemplateSource("spark/partials/bdd-content_en_IN.ftl"): Not found
2022-10-27 12:35:04,946 DEBUG [main] cache:45 - TemplateLoader.findTemplateSource("spark/partials/bdd-content_en.ftl"): Not found
2022-10-27 12:35:04,947 DEBUG [main] cache:45 - TemplateLoader.findTemplateSource("spark/partials/bdd-content.ftl"): Found
2022-10-27 12:35:04,947 DEBUG [main] cache:45 - Loading template for "spark/partials/bdd-content.ftl"("en_IN", UTF-8, parsed) from "jar:file:/C:/Users/saima/.m2/repository/com/aventstack/extentreports/5.0.9/extentreports-5.0.9.jar!/com/aventstack/extentreports/templates/spark/partials/bdd-content.ftl"
2022-10-27 12:35:04,981 DEBUG [main] cache:45 - Couldn't find template in cache for "spark/partials/category.ftl"("en_IN", UTF-8, parsed); will try to load it.
2022-10-27 12:35:04,981 DEBUG [main] cache:45 - TemplateLoader.findTemplateSource("spark/partials/category_en_IN.ftl"): Not found
2022-10-27 12:35:04,982 DEBUG [main] cache:45 - TemplateLoader.findTemplateSource("spark/partials/category_en.ftl"): Not found
2022-10-27 12:35:04,982 DEBUG [main] cache:45 - TemplateLoader.findTemplateSource("spark/partials/category.ftl"): Found
2022-10-27 12:35:04,982 DEBUG [main] cache:45 - Loading template for "spark/partials/category.ftl"("en_IN", UTF-8, parsed) from "jar:file:/C:/Users/saima/.m2/repository/com/aventstack/extentreports/5.0.9/extentreports-5.0.9.jar!/com/aventstack/extentreports/templates/spark/partials/category.ftl"
2022-10-27 12:35:04,983 DEBUG [main] cache:45 - Couldn't find template in cache for "spark/partials/exception.ftl"("en_IN", UTF-8, parsed); will try to load it.
2022-10-27 12:35:04,984 DEBUG [main] cache:45 - TemplateLoader.findTemplateSource("spark/partials/exception_en_IN.ftl"): Not found
2022-10-27 12:35:04,984 DEBUG [main] cache:45 - TemplateLoader.findTemplateSource("spark/partials/exception_en.ftl"): Not found
2022-10-27 12:35:04,985 DEBUG [main] cache:45 - TemplateLoader.findTemplateSource("spark/partials/exception.ftl"): Found
2022-10-27 12:35:04,985 DEBUG [main] cache:45 - Loading template for "spark/partials/exception.ftl"("en_IN", UTF-8, parsed) from "jar:file:/C:/Users/saima/.m2/repository/com/aventstack/extentreports/5.0.9/extentreports-5.0.9.jar!/com/aventstack/extentreports/templates/spark/partials/exception.ftl"
2022-10-27 12:35:04,990 DEBUG [main] cache:45 - Couldn't find template in cache for "spark/partials/author.ftl"("en_IN", UTF-8, parsed); will try to load it.
2022-10-27 12:35:04,991 DEBUG [main] cache:45 - TemplateLoader.findTemplateSource("spark/partials/author_en_IN.ftl"): Not found
2022-10-27 12:35:04,991 DEBUG [main] cache:45 - TemplateLoader.findTemplateSource("spark/partials/author_en.ftl"): Not found
2022-10-27 12:35:04,991 DEBUG [main] cache:45 - TemplateLoader.findTemplateSource("spark/partials/author.ftl"): Found
2022-10-27 12:35:04,991 DEBUG [main] cache:45 - Loading template for "spark/partials/author.ftl"("en_IN", UTF-8, parsed) from "jar:file:/C:/Users/saima/.m2/repository/com/aventstack/extentreports/5.0.9/extentreports-5.0.9.jar!/com/aventstack/extentreports/templates/spark/partials/author.ftl"
2022-10-27 12:35:04,992 DEBUG [main] cache:45 - Couldn't find template in cache for "spark/partials/device.ftl"("en_IN", UTF-8, parsed); will try to load it.
2022-10-27 12:35:04,993 DEBUG [main] cache:45 - TemplateLoader.findTemplateSource("spark/partials/device_en_IN.ftl"): Not found
2022-10-27 12:35:04,993 DEBUG [main] cache:45 - TemplateLoader.findTemplateSource("spark/partials/device_en.ftl"): Not found
2022-10-27 12:35:04,993 DEBUG [main] cache:45 - TemplateLoader.findTemplateSource("spark/partials/device.ftl"): Found
2022-10-27 12:35:04,993 DEBUG [main] cache:45 - Loading template for "spark/partials/device.ftl"("en_IN", UTF-8, parsed) from "jar:file:/C:/Users/saima/.m2/repository/com/aventstack/extentreports/5.0.9/extentreports-5.0.9.jar!/com/aventstack/extentreports/templates/spark/partials/device.ftl"
2022-10-27 12:35:04,994 DEBUG [main] cache:45 - Couldn't find template in cache for "spark/partials/log.ftl"("en_IN", UTF-8, parsed); will try to load it.
2022-10-27 12:35:04,995 DEBUG [main] cache:45 - TemplateLoader.findTemplateSource("spark/partials/log_en_IN.ftl"): Not found
2022-10-27 12:35:04,995 DEBUG [main] cache:45 - TemplateLoader.findTemplateSource("spark/partials/log_en.ftl"): Not found
2022-10-27 12:35:04,995 DEBUG [main] cache:45 - TemplateLoader.findTemplateSource("spark/partials/log.ftl"): Found
2022-10-27 12:35:04,996 DEBUG [main] cache:45 - Loading template for "spark/partials/log.ftl"("en_IN", UTF-8, parsed) from "jar:file:/C:/Users/saima/.m2/repository/com/aventstack/extentreports/5.0.9/extentreports-5.0.9.jar!/com/aventstack/extentreports/templates/spark/partials/log.ftl"
2022-10-27 12:35:04,997 DEBUG [main] cache:45 - Couldn't find template in cache for "spark/partials/scripts.ftl"("en_IN", UTF-8, parsed); will try to load it.
2022-10-27 12:35:04,998 DEBUG [main] cache:45 - TemplateLoader.findTemplateSource("spark/partials/scripts_en_IN.ftl"): Not found
2022-10-27 12:35:04,998 DEBUG [main] cache:45 - TemplateLoader.findTemplateSource("spark/partials/scripts_en.ftl"): Not found
2022-10-27 12:35:04,998 DEBUG [main] cache:45 - TemplateLoader.findTemplateSource("spark/partials/scripts.ftl"): Found
2022-10-27 12:35:04,998 DEBUG [main] cache:45 - Loading template for "spark/partials/scripts.ftl"("en_IN", UTF-8, parsed) from "jar:file:/C:/Users/saima/.m2/repository/com/aventstack/extentreports/5.0.9/extentreports-5.0.9.jar!/com/aventstack/extentreports/templates/spark/partials/scripts.ftl"
2022-10-27 12:35:04,999 DEBUG [main] cache:45 - Couldn't find template in cache for "commons/commons-inject-js.ftl"("en_IN", UTF-8, parsed); will try to load it.
2022-10-27 12:35:05,000 DEBUG [main] cache:45 - TemplateLoader.findTemplateSource("commons/commons-inject-js_en_IN.ftl"): Not found
2022-10-27 12:35:05,000 DEBUG [main] cache:45 - TemplateLoader.findTemplateSource("commons/commons-inject-js_en.ftl"): Not found
2022-10-27 12:35:05,000 DEBUG [main] cache:45 - TemplateLoader.findTemplateSource("commons/commons-inject-js.ftl"): Found
2022-10-27 12:35:05,001 DEBUG [main] cache:45 - Loading template for "commons/commons-inject-js.ftl"("en_IN", UTF-8, parsed) from "jar:file:/C:/Users/saima/.m2/repository/com/aventstack/extentreports/5.0.9/extentreports-5.0.9.jar!/com/aventstack/extentreports/templates/commons/commons-inject-js.ftl"
